<?xml version="1.0" encoding="UTF-8"?>
<testng-results ignored="0" total="2" passed="2" failed="0" skipped="0">
  <reporter-output>
  </reporter-output>
  <suite started-at="2023-04-04T14:45:16 IST" name="Suite" finished-at="2023-04-04T14:45:16 IST" duration-ms="68">
    <groups>
    </groups>
    <test started-at="2023-04-04T14:45:16 IST" name="Test" finished-at="2023-04-04T14:45:16 IST" duration-ms="68">
      <class name="testng.p1">
        <test-method signature="add()[pri:0, instance:testng.p1@c03cf28]" started-at="2023-04-04T14:45:16 IST" name="add" finished-at="2023-04-04T14:45:16 IST" duration-ms="11" status="PASS">
          <reporter-output>
          </reporter-output>
        </test-method> <!-- add -->
        <test-method signature="sub()[pri:0, instance:testng.p1@c03cf28]" started-at="2023-04-04T14:45:16 IST" name="sub" finished-at="2023-04-04T14:45:16 IST" duration-ms="1" status="PASS">
          <reporter-output>
          </reporter-output>
        </test-method> <!-- sub -->
      </class> <!-- testng.p1 -->
    </test> <!-- Test -->
  </suite> <!-- Suite -->
</testng-results>
